# JRE version: OpenJDK Runtime Environment Temurin-17.0.6+10 (17.0.6+10) (build 17.0.6+10)
# Java VM: OpenJDK 64-Bit Server VM Temurin-17.0.6+10 (17.0.6+10, mixed mode, tiered, compressed oops, compressed class ptrs, g1 gc, windows-amd64)
GC Precious Log:
 CPUs: 12 total, 12 available
 Memory: 16103M
 Large Page Support: Disabled
 NUMA Support: Disabled
 Compressed Oops: Enabled (Zero based)
 Heap Region Size: 2M
 Heap Min Capacity: 8M
 Heap Initial Capacity: 252M
 Heap Max Capacity: 4026M
 Pre-touch: Disabled
 Parallel Workers: 10
 Concurrent Workers: 3
 Concurrent Refinement Workers: 10
 Periodic GC: Disabled
Heap:
 garbage-first heap   total 450560K, used 12632K [0x0000000704600000, 0x0000000800000000)
  region size 2048K, 1 young (2048K), 1 survivors (2048K)
 Metaspace       used 11992K, committed 12160K, reserved 1064960K
  class space    used 1256K, committed 1344K, reserved 1048576K
GC Heap History (20 events):
Event: 13.958 GC heap after
{Heap after GC invocations=157 (full 0):
 garbage-first heap   total 450560K, used 12088K [0x0000000704600000, 0x0000000800000000)
  region size 2048K, 1 young (2048K), 1 survivors (2048K)
 Metaspace       used 11992K, committed 12160K, reserved 1064960K
  class space    used 1256K, committed 1344K, reserved 1048576K
}
Event: 14.040 GC heap before
{Heap before GC invocations=157 (full 0):
 garbage-first heap   total 450560K, used 280376K [0x0000000704600000, 0x0000000800000000)
  region size 2048K, 132 young (270336K), 1 survivors (2048K)
 Metaspace       used 11992K, committed 12160K, reserved 1064960K
  class space    used 1256K, committed 1344K, reserved 1048576K
}
Event: 14.042 GC heap after
{Heap after GC invocations=158 (full 0):
 garbage-first heap   total 450560K, used 14490K [0x0000000704600000, 0x0000000800000000)
  region size 2048K, 2 young (4096K), 2 survivors (4096K)
 Metaspace       used 11992K, committed 12160K, reserved 1064960K
  class space    used 1256K, committed 1344K, reserved 1048576K
}
Event: 14.123 GC heap before
{Heap before GC invocations=158 (full 0):
 garbage-first heap   total 450560K, used 280730K [0x0000000704600000, 0x0000000800000000)
  region size 2048K, 132 young (270336K), 2 survivors (4096K)
 Metaspace       used 11992K, committed 12160K, reserved 1064960K
  class space    used 1256K, committed 1344K, reserved 1048576K
}
Event: 14.124 GC heap after
{Heap after GC invocations=159 (full 0):
 garbage-first heap   total 450560K, used 12665K [0x0000000704600000, 0x0000000800000000)
  region size 2048K, 1 young (2048K), 1 survivors (2048K)
 Metaspace       used 11992K, committed 12160K, reserved 1064960K
  class space    used 1256K, committed 1344K, reserved 1048576K
}
Event: 14.204 GC heap before
{Heap before GC invocations=159 (full 0):
 garbage-first heap   total 450560K, used 280953K [0x0000000704600000, 0x0000000800000000)
  region size 2048K, 132 young (270336K), 1 survivors (2048K)
 Metaspace       used 11992K, committed 12160K, reserved 1064960K
  class space    used 1256K, committed 1344K, reserved 1048576K
}
Event: 14.205 GC heap after
{Heap after GC invocations=160 (full 0):
 garbage-first heap   total 450560K, used 11660K [0x0000000704600000, 0x0000000800000000)
  region size 2048K, 1 young (2048K), 1 survivors (2048K)
 Metaspace       used 11992K, committed 12160K, reserved 1064960K
  class space    used 1256K, committed 1344K, reserved 1048576K
}
Event: 14.309 GC heap before
{Heap before GC invocations=160 (full 0):
 garbage-first heap   total 450560K, used 279948K [0x0000000704600000, 0x0000000800000000)
  region size 2048K, 132 young (270336K), 1 survivors (2048K)
 Metaspace       used 11992K, committed 12160K, reserved 1064960K
  class space    used 1256K, committed 1344K, reserved 1048576K
}
Event: 14.311 GC heap after
{Heap after GC invocations=161 (full 0):
 garbage-first heap   total 450560K, used 14565K [0x0000000704600000, 0x0000000800000000)
  region size 2048K, 2 young (4096K), 2 survivors (4096K)
 Metaspace       used 11992K, committed 12160K, reserved 1064960K
  class space    used 1256K, committed 1344K, reserved 1048576K
}
Event: 14.394 GC heap before
{Heap before GC invocations=161 (full 0):
 garbage-first heap   total 450560K, used 280805K [0x0000000704600000, 0x0000000800000000)
  region size 2048K, 132 young (270336K), 2 survivors (4096K)
 Metaspace       used 11992K, committed 12160K, reserved 1064960K
  class space    used 1256K, committed 1344K, reserved 1048576K
}
Event: 14.395 GC heap after
{Heap after GC invocations=162 (full 0):
 garbage-first heap   total 450560K, used 14219K [0x0000000704600000, 0x0000000800000000)
  region size 2048K, 2 young (4096K), 2 survivors (4096K)
 Metaspace       used 11992K, committed 12160K, reserved 1064960K
  class space    used 1256K, committed 1344K, reserved 1048576K
}
Event: 14.479 GC heap before
{Heap before GC invocations=162 (full 0):
 garbage-first heap   total 450560K, used 280459K [0x0000000704600000, 0x0000000800000000)
  region size 2048K, 132 young (270336K), 2 survivors (4096K)
 Metaspace       used 11992K, committed 12160K, reserved 1064960K
  class space    used 1256K, committed 1344K, reserved 1048576K
}
Event: 14.480 GC heap after
{Heap after GC invocations=163 (full 0):
 garbage-first heap   total 450560K, used 13703K [0x0000000704600000, 0x0000000800000000)
  region size 2048K, 2 young (4096K), 2 survivors (4096K)
 Metaspace       used 11992K, committed 12160K, reserved 1064960K
  class space    used 1256K, committed 1344K, reserved 1048576K
}
Event: 14.562 GC heap before
{Heap before GC invocations=163 (full 0):
 garbage-first heap   total 450560K, used 279943K [0x0000000704600000, 0x0000000800000000)
  region size 2048K, 132 young (270336K), 2 survivors (4096K)
 Metaspace       used 11992K, committed 12160K, reserved 1064960K
  class space    used 1256K, committed 1344K, reserved 1048576K
}
Event: 14.563 GC heap after
{Heap after GC invocations=164 (full 0):
 garbage-first heap   total 450560K, used 13152K [0x0000000704600000, 0x0000000800000000)
  region size 2048K, 2 young (4096K), 2 survivors (4096K)
 Metaspace       used 11992K, committed 12160K, reserved 1064960K
  class space    used 1256K, committed 1344K, reserved 1048576K
}
Event: 14.645 GC heap before
{Heap before GC invocations=164 (full 0):
 garbage-first heap   total 450560K, used 279392K [0x0000000704600000, 0x0000000800000000)
  region size 2048K, 132 young (270336K), 2 survivors (4096K)
 Metaspace       used 11992K, committed 12160K, reserved 1064960K
  class space    used 1256K, committed 1344K, reserved 1048576K
}
Event: 14.646 GC heap after
{Heap after GC invocations=165 (full 0):
 garbage-first heap   total 450560K, used 12478K [0x0000000704600000, 0x0000000800000000)
  region size 2048K, 1 young (2048K), 1 survivors (2048K)
 Metaspace       used 11992K, committed 12160K, reserved 1064960K
  class space    used 1256K, committed 1344K, reserved 1048576K
}
Event: 14.728 GC heap before
{Heap before GC invocations=165 (full 0):
 garbage-first heap   total 450560K, used 280766K [0x0000000704600000, 0x0000000800000000)
  region size 2048K, 132 young (270336K), 1 survivors (2048K)
 Metaspace       used 11992K, committed 12160K, reserved 1064960K
  class space    used 1256K, committed 1344K, reserved 1048576K
}
Event: 14.730 GC heap after
{Heap after GC invocations=166 (full 0):
 garbage-first heap   total 450560K, used 13120K [0x0000000704600000, 0x0000000800000000)
  region size 2048K, 2 young (4096K), 2 survivors (4096K)
 Metaspace       used 11992K, committed 12160K, reserved 1064960K
  class space    used 1256K, committed 1344K, reserved 1048576K
}
Event: 14.810 GC heap before
{Heap before GC invocations=166 (full 0):
 garbage-first heap   total 450560K, used 279360K [0x0000000704600000, 0x0000000800000000)
  region size 2048K, 132 young (270336K), 2 survivors (4096K)
 Metaspace       used 11992K, committed 12160K, reserved 1064960K
  class space    used 1256K, committed 1344K, reserved 1048576K
}

