# JRE version: OpenJDK Runtime Environment Temurin-17.0.6+10 (17.0.6+10) (build 17.0.6+10)
# Java VM: OpenJDK 64-Bit Server VM Temurin-17.0.6+10 (17.0.6+10, mixed mode, tiered, compressed oops, compressed class ptrs, g1 gc, windows-amd64)
GC Precious Log:
 CPUs: 12 total, 12 available
 Memory: 16103M
 Large Page Support: Disabled
 NUMA Support: Disabled
 Compressed Oops: Enabled (Zero based)
 Heap Region Size: 2M
 Heap Min Capacity: 8M
 Heap Initial Capacity: 252M
 Heap Max Capacity: 4026M
 Pre-touch: Disabled
 Parallel Workers: 10
 Concurrent Workers: 3
 Concurrent Refinement Workers: 10
 Periodic GC: Disabled
Heap:
 garbage-first heap   total 333824K, used 4807K [0x0000000704600000, 0x0000000800000000)
  region size 2048K, 3 young (6144K), 3 survivors (6144K)
 Metaspace       used 11961K, committed 12160K, reserved 1064960K
  class space    used 1255K, committed 1344K, reserved 1048576K
GC Heap History (20 events):
Event: 0.644 GC heap after
{Heap after GC invocations=1 (full 0):
 garbage-first heap   total 258048K, used 3114K [0x0000000704600000, 0x0000000800000000)
  region size 2048K, 2 young (4096K), 2 survivors (4096K)
 Metaspace       used 11671K, committed 11776K, reserved 1064960K
  class space    used 1240K, committed 1280K, reserved 1048576K
}
Event: 0.743 GC heap before
{Heap before GC invocations=1 (full 0):
 garbage-first heap   total 258048K, used 39978K [0x0000000704600000, 0x0000000800000000)
  region size 2048K, 20 young (40960K), 2 survivors (4096K)
 Metaspace       used 11952K, committed 12160K, reserved 1064960K
  class space    used 1255K, committed 1344K, reserved 1048576K
}
Event: 0.745 GC heap after
{Heap after GC invocations=2 (full 0):
 garbage-first heap   total 258048K, used 3496K [0x0000000704600000, 0x0000000800000000)
  region size 2048K, 2 young (4096K), 2 survivors (4096K)
 Metaspace       used 11952K, committed 12160K, reserved 1064960K
  class space    used 1255K, committed 1344K, reserved 1048576K
}
Event: 0.972 GC heap before
{Heap before GC invocations=2 (full 0):
 garbage-first heap   total 258048K, used 153000K [0x0000000704600000, 0x0000000800000000)
  region size 2048K, 75 young (153600K), 2 survivors (4096K)
 Metaspace       used 11957K, committed 12160K, reserved 1064960K
  class space    used 1255K, committed 1344K, reserved 1048576K
}
Event: 0.974 GC heap after
{Heap after GC invocations=3 (full 0):
 garbage-first heap   total 258048K, used 3951K [0x0000000704600000, 0x0000000800000000)
  region size 2048K, 2 young (4096K), 2 survivors (4096K)
 Metaspace       used 11957K, committed 12160K, reserved 1064960K
  class space    used 1255K, committed 1344K, reserved 1048576K
}
Event: 1.044 GC heap before
{Heap before GC invocations=3 (full 0):
 garbage-first heap   total 258048K, used 153455K [0x0000000704600000, 0x0000000800000000)
  region size 2048K, 75 young (153600K), 2 survivors (4096K)
 Metaspace       used 11961K, committed 12160K, reserved 1064960K
  class space    used 1255K, committed 1344K, reserved 1048576K
}
Event: 1.045 GC heap after
{Heap after GC invocations=4 (full 0):
 garbage-first heap   total 258048K, used 4026K [0x0000000704600000, 0x0000000800000000)
  region size 2048K, 2 young (4096K), 2 survivors (4096K)
 Metaspace       used 11961K, committed 12160K, reserved 1064960K
  class space    used 1255K, committed 1344K, reserved 1048576K
}
Event: 1.098 GC heap before
{Heap before GC invocations=4 (full 0):
 garbage-first heap   total 258048K, used 153530K [0x0000000704600000, 0x0000000800000000)
  region size 2048K, 75 young (153600K), 2 survivors (4096K)
 Metaspace       used 11961K, committed 12160K, reserved 1064960K
  class space    used 1255K, committed 1344K, reserved 1048576K
}
Event: 1.100 GC heap after
{Heap after GC invocations=5 (full 0):
 garbage-first heap   total 258048K, used 4096K [0x0000000704600000, 0x0000000800000000)
  region size 2048K, 2 young (4096K), 2 survivors (4096K)
 Metaspace       used 11961K, committed 12160K, reserved 1064960K
  class space    used 1255K, committed 1344K, reserved 1048576K
}
Event: 1.163 GC heap before
{Heap before GC invocations=5 (full 0):
 garbage-first heap   total 258048K, used 153600K [0x0000000704600000, 0x0000000800000000)
  region size 2048K, 75 young (153600K), 2 survivors (4096K)
 Metaspace       used 11961K, committed 12160K, reserved 1064960K
  class space    used 1255K, committed 1344K, reserved 1048576K
}
Event: 1.167 GC heap after
{Heap after GC invocations=6 (full 0):
 garbage-first heap   total 258048K, used 4297K [0x0000000704600000, 0x0000000800000000)
  region size 2048K, 3 young (6144K), 3 survivors (6144K)
 Metaspace       used 11961K, committed 12160K, reserved 1064960K
  class space    used 1255K, committed 1344K, reserved 1048576K
}
Event: 1.216 GC heap before
{Heap before GC invocations=6 (full 0):
 garbage-first heap   total 258048K, used 151753K [0x0000000704600000, 0x0000000800000000)
  region size 2048K, 75 young (153600K), 3 survivors (6144K)
 Metaspace       used 11961K, committed 12160K, reserved 1064960K
  class space    used 1255K, committed 1344K, reserved 1048576K
}
Event: 1.250 GC heap after
{Heap after GC invocations=7 (full 0):
 garbage-first heap   total 333824K, used 4302K [0x0000000704600000, 0x0000000800000000)
  region size 2048K, 3 young (6144K), 3 survivors (6144K)
 Metaspace       used 11961K, committed 12160K, reserved 1064960K
  class space    used 1255K, committed 1344K, reserved 1048576K
}
Event: 1.338 GC heap before
{Heap before GC invocations=7 (full 0):
 garbage-first heap   total 333824K, used 196814K [0x0000000704600000, 0x0000000800000000)
  region size 2048K, 97 young (198656K), 3 survivors (6144K)
 Metaspace       used 11961K, committed 12160K, reserved 1064960K
  class space    used 1255K, committed 1344K, reserved 1048576K
}
Event: 1.340 GC heap after
{Heap after GC invocations=8 (full 0):
 garbage-first heap   total 333824K, used 4713K [0x0000000704600000, 0x0000000800000000)
  region size 2048K, 3 young (6144K), 3 survivors (6144K)
 Metaspace       used 11961K, committed 12160K, reserved 1064960K
  class space    used 1255K, committed 1344K, reserved 1048576K
}
Event: 1.415 GC heap before
{Heap before GC invocations=8 (full 0):
 garbage-first heap   total 333824K, used 197225K [0x0000000704600000, 0x0000000800000000)
  region size 2048K, 97 young (198656K), 3 survivors (6144K)
 Metaspace       used 11961K, committed 12160K, reserved 1064960K
  class space    used 1255K, committed 1344K, reserved 1048576K
}
Event: 1.417 GC heap after
{Heap after GC invocations=9 (full 0):
 garbage-first heap   total 333824K, used 4798K [0x0000000704600000, 0x0000000800000000)
  region size 2048K, 3 young (6144K), 3 survivors (6144K)
 Metaspace       used 11961K, committed 12160K, reserved 1064960K
  class space    used 1255K, committed 1344K, reserved 1048576K
}
Event: 1.482 GC heap before
{Heap before GC invocations=9 (full 0):
 garbage-first heap   total 333824K, used 197310K [0x0000000704600000, 0x0000000800000000)
  region size 2048K, 97 young (198656K), 3 survivors (6144K)
 Metaspace       used 11961K, committed 12160K, reserved 1064960K
  class space    used 1255K, committed 1344K, reserved 1048576K
}
Event: 1.483 GC heap after
{Heap after GC invocations=10 (full 0):
 garbage-first heap   total 333824K, used 5620K [0x0000000704600000, 0x0000000800000000)
  region size 2048K, 3 young (6144K), 3 survivors (6144K)
 Metaspace       used 11961K, committed 12160K, reserved 1064960K
  class space    used 1255K, committed 1344K, reserved 1048576K
}
Event: 1.558 GC heap before
{Heap before GC invocations=10 (full 0):
 garbage-first heap   total 333824K, used 198132K [0x0000000704600000, 0x0000000800000000)
  region size 2048K, 97 young (198656K), 3 survivors (6144K)
 Metaspace       used 11961K, committed 12160K, reserved 1064960K
  class space    used 1255K, committed 1344K, reserved 1048576K
}

